2025-01-13T18:34:17 - Fix bug in logic
2025-01-13T12:03:08 - Add tests
2025-01-13T09:41:06 - Update documentation
2025-01-13T09:42:25 - Fix bug in logic
2025-01-13T10:26:11 - Refactor code structure
2025-01-10T10:07:25 - Add tests
2025-01-10T17:12:48 - Add new feature
2025-01-10T12:14:35 - Improve performance
2025-01-10T16:40:21 - Add tests
2025-01-10T17:57:49 - Minor cleanup
2025-01-14T13:30:08 - Add new feature
2025-01-14T12:07:06 - Remove unused code
2025-01-14T11:27:34 - Add new feature
2025-01-14T11:29:04 - Add new feature
2025-01-21T18:54:51 - Refactor code structure
2025-01-21T09:49:16 - Add tests
2025-01-21T11:08:44 - Fix bug in logic
2025-01-21T13:02:11 - Add new feature
2025-01-21T12:47:33 - Add tests
2025-01-22T14:48:24 - Add tests
2025-01-22T10:48:00 - Add new feature
